[DEBUG][23-06-19][freemarker.cache]Couldn't find template in cache for "video.ftl"("zh_CN", UTF-8, parsed); will try to load it.
[DEBUG][23-06-19][freemarker.cache]TemplateLoader.findTemplateSource("video_zh_CN.ftl"): Not found
[DEBUG][23-06-19][freemarker.cache]TemplateLoader.findTemplateSource("video_zh.ftl"): Not found
[DEBUG][23-06-19][freemarker.cache]TemplateLoader.findTemplateSource("video.ftl"): Found
[DEBUG][23-06-19][freemarker.cache]Loading template for "video.ftl"("zh_CN", UTF-8, parsed) from "D:\\JaveDev\\LtDevFiles\\videos\\target\\classes\\templates\\video.ftl"
[DEBUG][23-06-19][freemarker.cache]"video.ftl"("zh_CN", UTF-8, parsed) cached copy not yet stale; using cached.
[DEBUG][23-06-19][freemarker.cache]Couldn't find template in cache for "video.ftl"("zh_CN", UTF-8, parsed); will try to load it.
[DEBUG][23-06-19][freemarker.cache]TemplateLoader.findTemplateSource("video_zh_CN.ftl"): Not found
[DEBUG][23-06-19][freemarker.cache]TemplateLoader.findTemplateSource("video_zh.ftl"): Not found
[DEBUG][23-06-19][freemarker.cache]TemplateLoader.findTemplateSource("video.ftl"): Found
[DEBUG][23-06-19][freemarker.cache]Loading template for "video.ftl"("zh_CN", UTF-8, parsed) from "D:\\JaveDev\\LtDevFiles\\videos\\target\\classes\\templates\\video.ftl"
[DEBUG][23-06-19][freemarker.cache]"video.ftl"("zh_CN", UTF-8, parsed) cached copy not yet stale; using cached.
[DEBUG][23-06-19][freemarker.cache]TemplateLoader.findTemplateSource("video_zh_CN.ftl"): Not found
[DEBUG][23-06-19][freemarker.cache]TemplateLoader.findTemplateSource("video_zh.ftl"): Not found
[DEBUG][23-06-19][freemarker.cache]TemplateLoader.findTemplateSource("video.ftl"): Found
[DEBUG][23-06-19][freemarker.cache]"video.ftl"("zh_CN", UTF-8, parsed): using cached since D:\JaveDev\LtDevFiles\videos\target\classes\templates\video.ftl hasn't changed.
[DEBUG][23-06-19][freemarker.cache]"video.ftl"("zh_CN", UTF-8, parsed) cached copy not yet stale; using cached.
[DEBUG][23-06-19][freemarker.cache]TemplateLoader.findTemplateSource("video_zh_CN.ftl"): Not found
[DEBUG][23-06-19][freemarker.cache]TemplateLoader.findTemplateSource("video_zh.ftl"): Not found
[DEBUG][23-06-19][freemarker.cache]TemplateLoader.findTemplateSource("video.ftl"): Found
[DEBUG][23-06-19][freemarker.cache]Updating source because: lastModifiedNotChanged=false, cached.lastModified=1687172195613 != source.lastModified=1687173017745
[DEBUG][23-06-19][freemarker.cache]Loading template for "video.ftl"("zh_CN", UTF-8, parsed) from "D:\\JaveDev\\LtDevFiles\\videos\\target\\classes\\templates\\video.ftl"
[DEBUG][23-06-19][freemarker.cache]"video.ftl"("zh_CN", UTF-8, parsed) cached copy not yet stale; using cached.
[DEBUG][23-06-19][freemarker.cache]TemplateLoader.findTemplateSource("video_zh_CN.ftl"): Not found
[DEBUG][23-06-19][freemarker.cache]TemplateLoader.findTemplateSource("video_zh.ftl"): Not found
[DEBUG][23-06-19][freemarker.cache]TemplateLoader.findTemplateSource("video.ftl"): Found
[DEBUG][23-06-19][freemarker.cache]"video.ftl"("zh_CN", UTF-8, parsed): using cached since D:\JaveDev\LtDevFiles\videos\target\classes\templates\video.ftl hasn't changed.
[DEBUG][23-06-19][freemarker.cache]"video.ftl"("zh_CN", UTF-8, parsed) cached copy not yet stale; using cached.
[DEBUG][23-06-19][freemarker.cache]TemplateLoader.findTemplateSource("video_zh_CN.ftl"): Not found
[DEBUG][23-06-19][freemarker.cache]TemplateLoader.findTemplateSource("video_zh.ftl"): Not found
[DEBUG][23-06-19][freemarker.cache]TemplateLoader.findTemplateSource("video.ftl"): Found
[DEBUG][23-06-19][freemarker.cache]Updating source because: lastModifiedNotChanged=false, cached.lastModified=1687173017745 != source.lastModified=1687173468751
[DEBUG][23-06-19][freemarker.cache]Loading template for "video.ftl"("zh_CN", UTF-8, parsed) from "D:\\JaveDev\\LtDevFiles\\videos\\target\\classes\\templates\\video.ftl"
[DEBUG][23-06-19][freemarker.cache]"video.ftl"("zh_CN", UTF-8, parsed) cached copy not yet stale; using cached.
[DEBUG][23-06-19][freemarker.cache]TemplateLoader.findTemplateSource("video_zh_CN.ftl"): Not found
[DEBUG][23-06-19][freemarker.cache]TemplateLoader.findTemplateSource("video_zh.ftl"): Not found
[DEBUG][23-06-19][freemarker.cache]TemplateLoader.findTemplateSource("video.ftl"): Found
[DEBUG][23-06-19][freemarker.cache]Updating source because: lastModifiedNotChanged=false, cached.lastModified=1687173468751 != source.lastModified=1687173487148
[DEBUG][23-06-19][freemarker.cache]Loading template for "video.ftl"("zh_CN", UTF-8, parsed) from "D:\\JaveDev\\LtDevFiles\\videos\\target\\classes\\templates\\video.ftl"
[DEBUG][23-06-19][freemarker.cache]"video.ftl"("zh_CN", UTF-8, parsed) cached copy not yet stale; using cached.
[DEBUG][23-06-19][freemarker.cache]TemplateLoader.findTemplateSource("video_zh_CN.ftl"): Not found
[DEBUG][23-06-19][freemarker.cache]TemplateLoader.findTemplateSource("video_zh.ftl"): Not found
[DEBUG][23-06-19][freemarker.cache]TemplateLoader.findTemplateSource("video.ftl"): Found
[DEBUG][23-06-19][freemarker.cache]Updating source because: lastModifiedNotChanged=false, cached.lastModified=1687173487148 != source.lastModified=1687173543860
[DEBUG][23-06-19][freemarker.cache]Loading template for "video.ftl"("zh_CN", UTF-8, parsed) from "D:\\JaveDev\\LtDevFiles\\videos\\target\\classes\\templates\\video.ftl"
[DEBUG][23-06-19][freemarker.cache]"video.ftl"("zh_CN", UTF-8, parsed) cached copy not yet stale; using cached.
[DEBUG][23-06-19][freemarker.cache]TemplateLoader.findTemplateSource("video_zh_CN.ftl"): Not found
[DEBUG][23-06-19][freemarker.cache]TemplateLoader.findTemplateSource("video_zh.ftl"): Not found
[DEBUG][23-06-19][freemarker.cache]TemplateLoader.findTemplateSource("video.ftl"): Found
[DEBUG][23-06-19][freemarker.cache]Updating source because: lastModifiedNotChanged=false, cached.lastModified=1687173543860 != source.lastModified=1687173608054
[DEBUG][23-06-19][freemarker.cache]Loading template for "video.ftl"("zh_CN", UTF-8, parsed) from "D:\\JaveDev\\LtDevFiles\\videos\\target\\classes\\templates\\video.ftl"
[DEBUG][23-06-19][freemarker.cache]"video.ftl"("zh_CN", UTF-8, parsed) cached copy not yet stale; using cached.
[DEBUG][23-06-19][freemarker.cache]Couldn't find template in cache for "video.ftl"("zh_CN", UTF-8, parsed); will try to load it.
[DEBUG][23-06-19][freemarker.cache]TemplateLoader.findTemplateSource("video_zh_CN.ftl"): Not found
[DEBUG][23-06-19][freemarker.cache]TemplateLoader.findTemplateSource("video_zh.ftl"): Not found
[DEBUG][23-06-19][freemarker.cache]TemplateLoader.findTemplateSource("video.ftl"): Found
[DEBUG][23-06-19][freemarker.cache]Loading template for "video.ftl"("zh_CN", UTF-8, parsed) from "D:\\JaveDev\\LtDevFiles\\videos\\target\\classes\\templates\\video.ftl"
[DEBUG][23-06-19][freemarker.cache]"video.ftl"("zh_CN", UTF-8, parsed) cached copy not yet stale; using cached.
[DEBUG][23-06-19][freemarker.cache]TemplateLoader.findTemplateSource("video_zh_CN.ftl"): Not found
[DEBUG][23-06-19][freemarker.cache]TemplateLoader.findTemplateSource("video_zh.ftl"): Not found
[DEBUG][23-06-19][freemarker.cache]TemplateLoader.findTemplateSource("video.ftl"): Found
[DEBUG][23-06-19][freemarker.cache]"video.ftl"("zh_CN", UTF-8, parsed): using cached since D:\JaveDev\LtDevFiles\videos\target\classes\templates\video.ftl hasn't changed.
[DEBUG][23-06-19][freemarker.cache]"video.ftl"("zh_CN", UTF-8, parsed) cached copy not yet stale; using cached.
[DEBUG][23-06-19][freemarker.cache]TemplateLoader.findTemplateSource("video_zh_CN.ftl"): Not found
[DEBUG][23-06-19][freemarker.cache]TemplateLoader.findTemplateSource("video_zh.ftl"): Not found
[DEBUG][23-06-19][freemarker.cache]TemplateLoader.findTemplateSource("video.ftl"): Found
[DEBUG][23-06-19][freemarker.cache]"video.ftl"("zh_CN", UTF-8, parsed): using cached since D:\JaveDev\LtDevFiles\videos\target\classes\templates\video.ftl hasn't changed.
[DEBUG][23-06-19][freemarker.cache]"video.ftl"("zh_CN", UTF-8, parsed) cached copy not yet stale; using cached.
[DEBUG][23-06-19][freemarker.cache]TemplateLoader.findTemplateSource("video_zh_CN.ftl"): Not found
[DEBUG][23-06-19][freemarker.cache]TemplateLoader.findTemplateSource("video_zh.ftl"): Not found
[DEBUG][23-06-19][freemarker.cache]TemplateLoader.findTemplateSource("video.ftl"): Found
[DEBUG][23-06-19][freemarker.cache]Updating source because: lastModifiedNotChanged=false, cached.lastModified=1687174200259 != source.lastModified=1687174307574
[DEBUG][23-06-19][freemarker.cache]Loading template for "video.ftl"("zh_CN", UTF-8, parsed) from "D:\\JaveDev\\LtDevFiles\\videos\\target\\classes\\templates\\video.ftl"
[DEBUG][23-06-19][freemarker.cache]"video.ftl"("zh_CN", UTF-8, parsed) cached copy not yet stale; using cached.
[DEBUG][23-06-19][freemarker.cache]TemplateLoader.findTemplateSource("video_zh_CN.ftl"): Not found
[DEBUG][23-06-19][freemarker.cache]TemplateLoader.findTemplateSource("video_zh.ftl"): Not found
[DEBUG][23-06-19][freemarker.cache]TemplateLoader.findTemplateSource("video.ftl"): Found
[DEBUG][23-06-19][freemarker.cache]Updating source because: lastModifiedNotChanged=false, cached.lastModified=1687174307574 != source.lastModified=1687174436293
[DEBUG][23-06-19][freemarker.cache]Loading template for "video.ftl"("zh_CN", UTF-8, parsed) from "D:\\JaveDev\\LtDevFiles\\videos\\target\\classes\\templates\\video.ftl"
[DEBUG][23-06-19][freemarker.cache]"video.ftl"("zh_CN", UTF-8, parsed) cached copy not yet stale; using cached.
[DEBUG][23-06-19][freemarker.cache]TemplateLoader.findTemplateSource("video_zh_CN.ftl"): Not found
[DEBUG][23-06-19][freemarker.cache]TemplateLoader.findTemplateSource("video_zh.ftl"): Not found
[DEBUG][23-06-19][freemarker.cache]TemplateLoader.findTemplateSource("video.ftl"): Found
[DEBUG][23-06-19][freemarker.cache]Updating source because: lastModifiedNotChanged=false, cached.lastModified=1687174436293 != source.lastModified=1687174523323
[DEBUG][23-06-19][freemarker.cache]Loading template for "video.ftl"("zh_CN", UTF-8, parsed) from "D:\\JaveDev\\LtDevFiles\\videos\\target\\classes\\templates\\video.ftl"
[DEBUG][23-06-19][freemarker.cache]"video.ftl"("zh_CN", UTF-8, parsed) cached copy not yet stale; using cached.
[DEBUG][23-06-19][freemarker.cache]TemplateLoader.findTemplateSource("video_zh_CN.ftl"): Not found
[DEBUG][23-06-19][freemarker.cache]TemplateLoader.findTemplateSource("video_zh.ftl"): Not found
[DEBUG][23-06-19][freemarker.cache]TemplateLoader.findTemplateSource("video.ftl"): Found
[DEBUG][23-06-19][freemarker.cache]Updating source because: lastModifiedNotChanged=false, cached.lastModified=1687174523323 != source.lastModified=1687174568376
[DEBUG][23-06-19][freemarker.cache]Loading template for "video.ftl"("zh_CN", UTF-8, parsed) from "D:\\JaveDev\\LtDevFiles\\videos\\target\\classes\\templates\\video.ftl"
[DEBUG][23-06-19][freemarker.cache]"video.ftl"("zh_CN", UTF-8, parsed) cached copy not yet stale; using cached.
[DEBUG][23-06-19][freemarker.cache]TemplateLoader.findTemplateSource("video_zh_CN.ftl"): Not found
[DEBUG][23-06-19][freemarker.cache]TemplateLoader.findTemplateSource("video_zh.ftl"): Not found
[DEBUG][23-06-19][freemarker.cache]TemplateLoader.findTemplateSource("video.ftl"): Found
[DEBUG][23-06-19][freemarker.cache]Updating source because: lastModifiedNotChanged=false, cached.lastModified=1687174568376 != source.lastModified=1687174634002
[DEBUG][23-06-19][freemarker.cache]Loading template for "video.ftl"("zh_CN", UTF-8, parsed) from "D:\\JaveDev\\LtDevFiles\\videos\\target\\classes\\templates\\video.ftl"
[DEBUG][23-06-19][freemarker.cache]"video.ftl"("zh_CN", UTF-8, parsed) cached copy not yet stale; using cached.
[DEBUG][23-06-19][freemarker.cache]TemplateLoader.findTemplateSource("video_zh_CN.ftl"): Not found
[DEBUG][23-06-19][freemarker.cache]TemplateLoader.findTemplateSource("video_zh.ftl"): Not found
[DEBUG][23-06-19][freemarker.cache]TemplateLoader.findTemplateSource("video.ftl"): Found
[DEBUG][23-06-19][freemarker.cache]Updating source because: lastModifiedNotChanged=false, cached.lastModified=1687174634002 != source.lastModified=1687174685985
[DEBUG][23-06-19][freemarker.cache]Loading template for "video.ftl"("zh_CN", UTF-8, parsed) from "D:\\JaveDev\\LtDevFiles\\videos\\target\\classes\\templates\\video.ftl"
[DEBUG][23-06-19][freemarker.cache]"video.ftl"("zh_CN", UTF-8, parsed) cached copy not yet stale; using cached.
[DEBUG][23-06-19][freemarker.cache]"video.ftl"("zh_CN", UTF-8, parsed) cached copy not yet stale; using cached.
[DEBUG][23-06-19][freemarker.cache]"video.ftl"("zh_CN", UTF-8, parsed) cached copy not yet stale; using cached.
[DEBUG][23-06-19][freemarker.cache]TemplateLoader.findTemplateSource("video_zh_CN.ftl"): Not found
[DEBUG][23-06-19][freemarker.cache]TemplateLoader.findTemplateSource("video_zh.ftl"): Not found
[DEBUG][23-06-19][freemarker.cache]TemplateLoader.findTemplateSource("video.ftl"): Found
[DEBUG][23-06-19][freemarker.cache]Updating source because: lastModifiedNotChanged=false, cached.lastModified=1687174685985 != source.lastModified=1687174836264
[DEBUG][23-06-19][freemarker.cache]Loading template for "video.ftl"("zh_CN", UTF-8, parsed) from "D:\\JaveDev\\LtDevFiles\\videos\\target\\classes\\templates\\video.ftl"
[DEBUG][23-06-19][freemarker.cache]"video.ftl"("zh_CN", UTF-8, parsed) cached copy not yet stale; using cached.
[DEBUG][23-06-19][freemarker.cache]TemplateLoader.findTemplateSource("video_zh_CN.ftl"): Not found
[DEBUG][23-06-19][freemarker.cache]TemplateLoader.findTemplateSource("video_zh.ftl"): Not found
[DEBUG][23-06-19][freemarker.cache]TemplateLoader.findTemplateSource("video.ftl"): Found
[DEBUG][23-06-19][freemarker.cache]Updating source because: lastModifiedNotChanged=false, cached.lastModified=1687174836264 != source.lastModified=1687174983131
[DEBUG][23-06-19][freemarker.cache]Loading template for "video.ftl"("zh_CN", UTF-8, parsed) from "D:\\JaveDev\\LtDevFiles\\videos\\target\\classes\\templates\\video.ftl"
[DEBUG][23-06-19][freemarker.cache]"video.ftl"("zh_CN", UTF-8, parsed) cached copy not yet stale; using cached.
[DEBUG][23-06-19][freemarker.cache]TemplateLoader.findTemplateSource("video_zh_CN.ftl"): Not found
[DEBUG][23-06-19][freemarker.cache]TemplateLoader.findTemplateSource("video_zh.ftl"): Not found
[DEBUG][23-06-19][freemarker.cache]TemplateLoader.findTemplateSource("video.ftl"): Found
[DEBUG][23-06-19][freemarker.cache]Updating source because: lastModifiedNotChanged=false, cached.lastModified=1687174983131 != source.lastModified=1687175164494
[DEBUG][23-06-19][freemarker.cache]Loading template for "video.ftl"("zh_CN", UTF-8, parsed) from "D:\\JaveDev\\LtDevFiles\\videos\\target\\classes\\templates\\video.ftl"
[DEBUG][23-06-19][freemarker.cache]"video.ftl"("zh_CN", UTF-8, parsed) cached copy not yet stale; using cached.
[DEBUG][23-06-19][freemarker.cache]TemplateLoader.findTemplateSource("video_zh_CN.ftl"): Not found
[DEBUG][23-06-19][freemarker.cache]TemplateLoader.findTemplateSource("video_zh.ftl"): Not found
[DEBUG][23-06-19][freemarker.cache]TemplateLoader.findTemplateSource("video.ftl"): Found
[DEBUG][23-06-19][freemarker.cache]Updating source because: lastModifiedNotChanged=false, cached.lastModified=1687175164494 != source.lastModified=1687175176612
[DEBUG][23-06-19][freemarker.cache]Loading template for "video.ftl"("zh_CN", UTF-8, parsed) from "D:\\JaveDev\\LtDevFiles\\videos\\target\\classes\\templates\\video.ftl"
[DEBUG][23-06-19][freemarker.cache]"video.ftl"("zh_CN", UTF-8, parsed) cached copy not yet stale; using cached.
[DEBUG][23-06-19][freemarker.cache]TemplateLoader.findTemplateSource("video_zh_CN.ftl"): Not found
[DEBUG][23-06-19][freemarker.cache]TemplateLoader.findTemplateSource("video_zh.ftl"): Not found
[DEBUG][23-06-19][freemarker.cache]TemplateLoader.findTemplateSource("video.ftl"): Found
[DEBUG][23-06-19][freemarker.cache]"video.ftl"("zh_CN", UTF-8, parsed): using cached since D:\JaveDev\LtDevFiles\videos\target\classes\templates\video.ftl hasn't changed.
[DEBUG][23-06-19][freemarker.cache]"video.ftl"("zh_CN", UTF-8, parsed) cached copy not yet stale; using cached.
[DEBUG][23-06-19][freemarker.cache]"video.ftl"("zh_CN", UTF-8, parsed) cached copy not yet stale; using cached.
[DEBUG][23-06-19][freemarker.cache]"video.ftl"("zh_CN", UTF-8, parsed) cached copy not yet stale; using cached.
[DEBUG][23-06-19][freemarker.cache]TemplateLoader.findTemplateSource("video_zh_CN.ftl"): Not found
[DEBUG][23-06-19][freemarker.cache]TemplateLoader.findTemplateSource("video_zh.ftl"): Not found
[DEBUG][23-06-19][freemarker.cache]TemplateLoader.findTemplateSource("video.ftl"): Found
[DEBUG][23-06-19][freemarker.cache]Updating source because: lastModifiedNotChanged=false, cached.lastModified=1687175176612 != source.lastModified=1687175293949
[DEBUG][23-06-19][freemarker.cache]Loading template for "video.ftl"("zh_CN", UTF-8, parsed) from "D:\\JaveDev\\LtDevFiles\\videos\\target\\classes\\templates\\video.ftl"
[DEBUG][23-06-19][freemarker.cache]"video.ftl"("zh_CN", UTF-8, parsed) cached copy not yet stale; using cached.
[DEBUG][23-06-19][freemarker.cache]TemplateLoader.findTemplateSource("video_zh_CN.ftl"): Not found
[DEBUG][23-06-19][freemarker.cache]TemplateLoader.findTemplateSource("video_zh.ftl"): Not found
[DEBUG][23-06-19][freemarker.cache]TemplateLoader.findTemplateSource("video.ftl"): Found
[DEBUG][23-06-19][freemarker.cache]Updating source because: lastModifiedNotChanged=false, cached.lastModified=1687175293949 != source.lastModified=1687175305903
[DEBUG][23-06-19][freemarker.cache]Loading template for "video.ftl"("zh_CN", UTF-8, parsed) from "D:\\JaveDev\\LtDevFiles\\videos\\target\\classes\\templates\\video.ftl"
[DEBUG][23-06-19][freemarker.cache]"video.ftl"("zh_CN", UTF-8, parsed) cached copy not yet stale; using cached.
[DEBUG][23-06-19][freemarker.cache]TemplateLoader.findTemplateSource("video_zh_CN.ftl"): Not found
[DEBUG][23-06-19][freemarker.cache]TemplateLoader.findTemplateSource("video_zh.ftl"): Not found
[DEBUG][23-06-19][freemarker.cache]TemplateLoader.findTemplateSource("video.ftl"): Found
[DEBUG][23-06-19][freemarker.cache]Updating source because: lastModifiedNotChanged=false, cached.lastModified=1687175305903 != source.lastModified=1687175315877
[DEBUG][23-06-19][freemarker.cache]Loading template for "video.ftl"("zh_CN", UTF-8, parsed) from "D:\\JaveDev\\LtDevFiles\\videos\\target\\classes\\templates\\video.ftl"
[DEBUG][23-06-19][freemarker.cache]"video.ftl"("zh_CN", UTF-8, parsed) cached copy not yet stale; using cached.
[DEBUG][23-06-19][freemarker.cache]TemplateLoader.findTemplateSource("video_zh_CN.ftl"): Not found
[DEBUG][23-06-19][freemarker.cache]TemplateLoader.findTemplateSource("video_zh.ftl"): Not found
[DEBUG][23-06-19][freemarker.cache]TemplateLoader.findTemplateSource("video.ftl"): Found
[DEBUG][23-06-19][freemarker.cache]Updating source because: lastModifiedNotChanged=false, cached.lastModified=1687175315877 != source.lastModified=1687175363221
[DEBUG][23-06-19][freemarker.cache]Loading template for "video.ftl"("zh_CN", UTF-8, parsed) from "D:\\JaveDev\\LtDevFiles\\videos\\target\\classes\\templates\\video.ftl"
[DEBUG][23-06-19][freemarker.cache]"video.ftl"("zh_CN", UTF-8, parsed) cached copy not yet stale; using cached.
[DEBUG][23-06-19][freemarker.cache]TemplateLoader.findTemplateSource("video_zh_CN.ftl"): Not found
[DEBUG][23-06-19][freemarker.cache]TemplateLoader.findTemplateSource("video_zh.ftl"): Not found
[DEBUG][23-06-19][freemarker.cache]TemplateLoader.findTemplateSource("video.ftl"): Found
[DEBUG][23-06-19][freemarker.cache]Updating source because: lastModifiedNotChanged=false, cached.lastModified=1687175363221 != source.lastModified=1687175394626
[DEBUG][23-06-19][freemarker.cache]Loading template for "video.ftl"("zh_CN", UTF-8, parsed) from "D:\\JaveDev\\LtDevFiles\\videos\\target\\classes\\templates\\video.ftl"
[DEBUG][23-06-19][freemarker.cache]"video.ftl"("zh_CN", UTF-8, parsed) cached copy not yet stale; using cached.
[DEBUG][23-06-19][freemarker.cache]TemplateLoader.findTemplateSource("video_zh_CN.ftl"): Not found
[DEBUG][23-06-19][freemarker.cache]TemplateLoader.findTemplateSource("video_zh.ftl"): Not found
[DEBUG][23-06-19][freemarker.cache]TemplateLoader.findTemplateSource("video.ftl"): Found
[DEBUG][23-06-19][freemarker.cache]Updating source because: lastModifiedNotChanged=false, cached.lastModified=1687175394626 != source.lastModified=1687175416869
[DEBUG][23-06-19][freemarker.cache]Loading template for "video.ftl"("zh_CN", UTF-8, parsed) from "D:\\JaveDev\\LtDevFiles\\videos\\target\\classes\\templates\\video.ftl"
[DEBUG][23-06-19][freemarker.cache]"video.ftl"("zh_CN", UTF-8, parsed) cached copy not yet stale; using cached.
[DEBUG][23-06-19][freemarker.cache]TemplateLoader.findTemplateSource("video_zh_CN.ftl"): Not found
[DEBUG][23-06-19][freemarker.cache]TemplateLoader.findTemplateSource("video_zh.ftl"): Not found
[DEBUG][23-06-19][freemarker.cache]TemplateLoader.findTemplateSource("video.ftl"): Found
[DEBUG][23-06-19][freemarker.cache]Updating source because: lastModifiedNotChanged=false, cached.lastModified=1687175416869 != source.lastModified=1687175426125
[DEBUG][23-06-19][freemarker.cache]Loading template for "video.ftl"("zh_CN", UTF-8, parsed) from "D:\\JaveDev\\LtDevFiles\\videos\\target\\classes\\templates\\video.ftl"
[DEBUG][23-06-19][freemarker.cache]"video.ftl"("zh_CN", UTF-8, parsed) cached copy not yet stale; using cached.
[DEBUG][23-06-19][freemarker.cache]TemplateLoader.findTemplateSource("video_zh_CN.ftl"): Not found
[DEBUG][23-06-19][freemarker.cache]TemplateLoader.findTemplateSource("video_zh.ftl"): Not found
[DEBUG][23-06-19][freemarker.cache]TemplateLoader.findTemplateSource("video.ftl"): Found
[DEBUG][23-06-19][freemarker.cache]"video.ftl"("zh_CN", UTF-8, parsed): using cached since D:\JaveDev\LtDevFiles\videos\target\classes\templates\video.ftl hasn't changed.
[DEBUG][23-06-19][freemarker.cache]"video.ftl"("zh_CN", UTF-8, parsed) cached copy not yet stale; using cached.
[DEBUG][23-06-19][freemarker.cache]TemplateLoader.findTemplateSource("video_zh_CN.ftl"): Not found
[DEBUG][23-06-19][freemarker.cache]TemplateLoader.findTemplateSource("video_zh.ftl"): Not found
[DEBUG][23-06-19][freemarker.cache]TemplateLoader.findTemplateSource("video.ftl"): Found
[DEBUG][23-06-19][freemarker.cache]"video.ftl"("zh_CN", UTF-8, parsed): using cached since D:\JaveDev\LtDevFiles\videos\target\classes\templates\video.ftl hasn't changed.
[DEBUG][23-06-19][freemarker.cache]"video.ftl"("zh_CN", UTF-8, parsed) cached copy not yet stale; using cached.
[DEBUG][23-06-19][freemarker.cache]TemplateLoader.findTemplateSource("video_zh_CN.ftl"): Not found
[DEBUG][23-06-19][freemarker.cache]TemplateLoader.findTemplateSource("video_zh.ftl"): Not found
[DEBUG][23-06-19][freemarker.cache]TemplateLoader.findTemplateSource("video.ftl"): Found
[DEBUG][23-06-19][freemarker.cache]"video.ftl"("zh_CN", UTF-8, parsed): using cached since D:\JaveDev\LtDevFiles\videos\target\classes\templates\video.ftl hasn't changed.
[DEBUG][23-06-19][freemarker.cache]"video.ftl"("zh_CN", UTF-8, parsed) cached copy not yet stale; using cached.
[DEBUG][23-06-19][freemarker.cache]TemplateLoader.findTemplateSource("video_zh_CN.ftl"): Not found
[DEBUG][23-06-19][freemarker.cache]TemplateLoader.findTemplateSource("video_zh.ftl"): Not found
[DEBUG][23-06-19][freemarker.cache]TemplateLoader.findTemplateSource("video.ftl"): Found
[DEBUG][23-06-19][freemarker.cache]"video.ftl"("zh_CN", UTF-8, parsed): using cached since D:\JaveDev\LtDevFiles\videos\target\classes\templates\video.ftl hasn't changed.
[DEBUG][23-06-19][freemarker.cache]"video.ftl"("zh_CN", UTF-8, parsed) cached copy not yet stale; using cached.
[DEBUG][23-06-19][freemarker.cache]TemplateLoader.findTemplateSource("video_zh_CN.ftl"): Not found
[DEBUG][23-06-19][freemarker.cache]TemplateLoader.findTemplateSource("video_zh.ftl"): Not found
[DEBUG][23-06-19][freemarker.cache]TemplateLoader.findTemplateSource("video.ftl"): Found
[DEBUG][23-06-19][freemarker.cache]"video.ftl"("zh_CN", UTF-8, parsed): using cached since D:\JaveDev\LtDevFiles\videos\target\classes\templates\video.ftl hasn't changed.
[DEBUG][23-06-19][freemarker.cache]"video.ftl"("zh_CN", UTF-8, parsed) cached copy not yet stale; using cached.
[DEBUG][23-06-19][freemarker.cache]TemplateLoader.findTemplateSource("video_zh_CN.ftl"): Not found
[DEBUG][23-06-19][freemarker.cache]TemplateLoader.findTemplateSource("video_zh.ftl"): Not found
[DEBUG][23-06-19][freemarker.cache]TemplateLoader.findTemplateSource("video.ftl"): Found
[DEBUG][23-06-19][freemarker.cache]"video.ftl"("zh_CN", UTF-8, parsed): using cached since D:\JaveDev\LtDevFiles\videos\target\classes\templates\video.ftl hasn't changed.
[DEBUG][23-06-19][freemarker.cache]"video.ftl"("zh_CN", UTF-8, parsed) cached copy not yet stale; using cached.
[DEBUG][23-06-19][freemarker.cache]TemplateLoader.findTemplateSource("video_zh_CN.ftl"): Not found
[DEBUG][23-06-19][freemarker.cache]TemplateLoader.findTemplateSource("video_zh.ftl"): Not found
[DEBUG][23-06-19][freemarker.cache]TemplateLoader.findTemplateSource("video.ftl"): Found
[DEBUG][23-06-19][freemarker.cache]"video.ftl"("zh_CN", UTF-8, parsed): using cached since D:\JaveDev\LtDevFiles\videos\target\classes\templates\video.ftl hasn't changed.
[DEBUG][23-06-19][freemarker.cache]"video.ftl"("zh_CN", UTF-8, parsed) cached copy not yet stale; using cached.
[DEBUG][23-06-19][freemarker.cache]TemplateLoader.findTemplateSource("video_zh_CN.ftl"): Not found
[DEBUG][23-06-19][freemarker.cache]TemplateLoader.findTemplateSource("video_zh.ftl"): Not found
[DEBUG][23-06-19][freemarker.cache]TemplateLoader.findTemplateSource("video.ftl"): Found
[DEBUG][23-06-19][freemarker.cache]Updating source because: lastModifiedNotChanged=false, cached.lastModified=1687175426125 != source.lastModified=1687175883148
[DEBUG][23-06-19][freemarker.cache]Loading template for "video.ftl"("zh_CN", UTF-8, parsed) from "D:\\JaveDev\\LtDevFiles\\videos\\target\\classes\\templates\\video.ftl"
[DEBUG][23-06-19][freemarker.cache]"video.ftl"("zh_CN", UTF-8, parsed) cached copy not yet stale; using cached.
[DEBUG][23-06-19][freemarker.cache]TemplateLoader.findTemplateSource("video_zh_CN.ftl"): Not found
[DEBUG][23-06-19][freemarker.cache]TemplateLoader.findTemplateSource("video_zh.ftl"): Not found
[DEBUG][23-06-19][freemarker.cache]TemplateLoader.findTemplateSource("video.ftl"): Found
[DEBUG][23-06-19][freemarker.cache]Updating source because: lastModifiedNotChanged=false, cached.lastModified=1687175883148 != source.lastModified=1687175952477
[DEBUG][23-06-19][freemarker.cache]Loading template for "video.ftl"("zh_CN", UTF-8, parsed) from "D:\\JaveDev\\LtDevFiles\\videos\\target\\classes\\templates\\video.ftl"
[DEBUG][23-06-19][freemarker.cache]"video.ftl"("zh_CN", UTF-8, parsed) cached copy not yet stale; using cached.
[DEBUG][23-06-19][freemarker.cache]"video.ftl"("zh_CN", UTF-8, parsed) cached copy not yet stale; using cached.
[DEBUG][23-06-19][freemarker.cache]"video.ftl"("zh_CN", UTF-8, parsed) cached copy not yet stale; using cached.
[DEBUG][23-06-19][freemarker.cache]TemplateLoader.findTemplateSource("video_zh_CN.ftl"): Not found
[DEBUG][23-06-19][freemarker.cache]TemplateLoader.findTemplateSource("video_zh.ftl"): Not found
[DEBUG][23-06-19][freemarker.cache]TemplateLoader.findTemplateSource("video.ftl"): Found
[DEBUG][23-06-19][freemarker.cache]Updating source because: lastModifiedNotChanged=false, cached.lastModified=1687175952477 != source.lastModified=1687175982949
[DEBUG][23-06-19][freemarker.cache]Loading template for "video.ftl"("zh_CN", UTF-8, parsed) from "D:\\JaveDev\\LtDevFiles\\videos\\target\\classes\\templates\\video.ftl"
[DEBUG][23-06-19][freemarker.cache]"video.ftl"("zh_CN", UTF-8, parsed) cached copy not yet stale; using cached.
[DEBUG][23-06-19][freemarker.cache]TemplateLoader.findTemplateSource("video_zh_CN.ftl"): Not found
[DEBUG][23-06-19][freemarker.cache]TemplateLoader.findTemplateSource("video_zh.ftl"): Not found
[DEBUG][23-06-19][freemarker.cache]TemplateLoader.findTemplateSource("video.ftl"): Found
[DEBUG][23-06-19][freemarker.cache]Updating source because: lastModifiedNotChanged=false, cached.lastModified=1687175982949 != source.lastModified=1687175995404
[DEBUG][23-06-19][freemarker.cache]Loading template for "video.ftl"("zh_CN", UTF-8, parsed) from "D:\\JaveDev\\LtDevFiles\\videos\\target\\classes\\templates\\video.ftl"
[DEBUG][23-06-19][freemarker.cache]"video.ftl"("zh_CN", UTF-8, parsed) cached copy not yet stale; using cached.
[DEBUG][23-06-19][freemarker.cache]TemplateLoader.findTemplateSource("video_zh_CN.ftl"): Not found
[DEBUG][23-06-19][freemarker.cache]TemplateLoader.findTemplateSource("video_zh.ftl"): Not found
[DEBUG][23-06-19][freemarker.cache]TemplateLoader.findTemplateSource("video.ftl"): Found
[DEBUG][23-06-19][freemarker.cache]Updating source because: lastModifiedNotChanged=false, cached.lastModified=1687175995404 != source.lastModified=1687176005661
[DEBUG][23-06-19][freemarker.cache]Loading template for "video.ftl"("zh_CN", UTF-8, parsed) from "D:\\JaveDev\\LtDevFiles\\videos\\target\\classes\\templates\\video.ftl"
[DEBUG][23-06-19][freemarker.cache]"video.ftl"("zh_CN", UTF-8, parsed) cached copy not yet stale; using cached.
[DEBUG][23-06-19][freemarker.cache]TemplateLoader.findTemplateSource("video_zh_CN.ftl"): Not found
[DEBUG][23-06-19][freemarker.cache]TemplateLoader.findTemplateSource("video_zh.ftl"): Not found
[DEBUG][23-06-19][freemarker.cache]TemplateLoader.findTemplateSource("video.ftl"): Found
[DEBUG][23-06-19][freemarker.cache]Updating source because: lastModifiedNotChanged=false, cached.lastModified=1687176005661 != source.lastModified=1687176048868
[DEBUG][23-06-19][freemarker.cache]Loading template for "video.ftl"("zh_CN", UTF-8, parsed) from "D:\\JaveDev\\LtDevFiles\\videos\\target\\classes\\templates\\video.ftl"
[DEBUG][23-06-19][freemarker.cache]"video.ftl"("zh_CN", UTF-8, parsed) cached copy not yet stale; using cached.
[DEBUG][23-06-19][freemarker.cache]TemplateLoader.findTemplateSource("video_zh_CN.ftl"): Not found
[DEBUG][23-06-19][freemarker.cache]TemplateLoader.findTemplateSource("video_zh.ftl"): Not found
[DEBUG][23-06-19][freemarker.cache]TemplateLoader.findTemplateSource("video.ftl"): Found
[DEBUG][23-06-19][freemarker.cache]Updating source because: lastModifiedNotChanged=false, cached.lastModified=1687176048868 != source.lastModified=1687176069810
[DEBUG][23-06-19][freemarker.cache]Loading template for "video.ftl"("zh_CN", UTF-8, parsed) from "D:\\JaveDev\\LtDevFiles\\videos\\target\\classes\\templates\\video.ftl"
[DEBUG][23-06-19][freemarker.cache]"video.ftl"("zh_CN", UTF-8, parsed) cached copy not yet stale; using cached.
[DEBUG][23-06-19][freemarker.cache]TemplateLoader.findTemplateSource("video_zh_CN.ftl"): Not found
[DEBUG][23-06-19][freemarker.cache]TemplateLoader.findTemplateSource("video_zh.ftl"): Not found
[DEBUG][23-06-19][freemarker.cache]TemplateLoader.findTemplateSource("video.ftl"): Found
[DEBUG][23-06-19][freemarker.cache]Updating source because: lastModifiedNotChanged=false, cached.lastModified=1687176069810 != source.lastModified=1687176081956
[DEBUG][23-06-19][freemarker.cache]Loading template for "video.ftl"("zh_CN", UTF-8, parsed) from "D:\\JaveDev\\LtDevFiles\\videos\\target\\classes\\templates\\video.ftl"
[DEBUG][23-06-19][freemarker.cache]"video.ftl"("zh_CN", UTF-8, parsed) cached copy not yet stale; using cached.
[DEBUG][23-06-19][freemarker.cache]TemplateLoader.findTemplateSource("video_zh_CN.ftl"): Not found
[DEBUG][23-06-19][freemarker.cache]TemplateLoader.findTemplateSource("video_zh.ftl"): Not found
[DEBUG][23-06-19][freemarker.cache]TemplateLoader.findTemplateSource("video.ftl"): Found
[DEBUG][23-06-19][freemarker.cache]Updating source because: lastModifiedNotChanged=false, cached.lastModified=1687176081956 != source.lastModified=1687176093071
[DEBUG][23-06-19][freemarker.cache]Loading template for "video.ftl"("zh_CN", UTF-8, parsed) from "D:\\JaveDev\\LtDevFiles\\videos\\target\\classes\\templates\\video.ftl"
[DEBUG][23-06-19][freemarker.cache]"video.ftl"("zh_CN", UTF-8, parsed) cached copy not yet stale; using cached.
[DEBUG][23-06-19][freemarker.cache]TemplateLoader.findTemplateSource("video_zh_CN.ftl"): Not found
[DEBUG][23-06-19][freemarker.cache]TemplateLoader.findTemplateSource("video_zh.ftl"): Not found
[DEBUG][23-06-19][freemarker.cache]TemplateLoader.findTemplateSource("video.ftl"): Found
[DEBUG][23-06-19][freemarker.cache]Updating source because: lastModifiedNotChanged=false, cached.lastModified=1687176093071 != source.lastModified=1687176130883
[DEBUG][23-06-19][freemarker.cache]Loading template for "video.ftl"("zh_CN", UTF-8, parsed) from "D:\\JaveDev\\LtDevFiles\\videos\\target\\classes\\templates\\video.ftl"
[DEBUG][23-06-19][freemarker.cache]"video.ftl"("zh_CN", UTF-8, parsed) cached copy not yet stale; using cached.
[DEBUG][23-06-19][freemarker.cache]TemplateLoader.findTemplateSource("video_zh_CN.ftl"): Not found
[DEBUG][23-06-19][freemarker.cache]TemplateLoader.findTemplateSource("video_zh.ftl"): Not found
[DEBUG][23-06-19][freemarker.cache]TemplateLoader.findTemplateSource("video.ftl"): Found
[DEBUG][23-06-19][freemarker.cache]Updating source because: lastModifiedNotChanged=false, cached.lastModified=1687176130883 != source.lastModified=1687176146153
[DEBUG][23-06-19][freemarker.cache]Loading template for "video.ftl"("zh_CN", UTF-8, parsed) from "D:\\JaveDev\\LtDevFiles\\videos\\target\\classes\\templates\\video.ftl"
[DEBUG][23-06-19][freemarker.cache]"video.ftl"("zh_CN", UTF-8, parsed) cached copy not yet stale; using cached.
[DEBUG][23-06-19][freemarker.cache]TemplateLoader.findTemplateSource("video_zh_CN.ftl"): Not found
[DEBUG][23-06-19][freemarker.cache]TemplateLoader.findTemplateSource("video_zh.ftl"): Not found
[DEBUG][23-06-19][freemarker.cache]TemplateLoader.findTemplateSource("video.ftl"): Found
[DEBUG][23-06-19][freemarker.cache]"video.ftl"("zh_CN", UTF-8, parsed): using cached since D:\JaveDev\LtDevFiles\videos\target\classes\templates\video.ftl hasn't changed.
[DEBUG][23-06-19][freemarker.cache]"video.ftl"("zh_CN", UTF-8, parsed) cached copy not yet stale; using cached.
[DEBUG][23-06-19][freemarker.cache]TemplateLoader.findTemplateSource("video_zh_CN.ftl"): Not found
[DEBUG][23-06-19][freemarker.cache]TemplateLoader.findTemplateSource("video_zh.ftl"): Not found
[DEBUG][23-06-19][freemarker.cache]TemplateLoader.findTemplateSource("video.ftl"): Found
[DEBUG][23-06-19][freemarker.cache]"video.ftl"("zh_CN", UTF-8, parsed): using cached since D:\JaveDev\LtDevFiles\videos\target\classes\templates\video.ftl hasn't changed.
[DEBUG][23-06-19][freemarker.cache]"video.ftl"("zh_CN", UTF-8, parsed) cached copy not yet stale; using cached.
[DEBUG][23-06-19][freemarker.cache]Couldn't find template in cache for "error.ftl"("zh_CN", UTF-8, parsed); will try to load it.
[DEBUG][23-06-19][freemarker.cache]TemplateLoader.findTemplateSource("error_zh_CN.ftl"): Not found
[DEBUG][23-06-19][freemarker.cache]TemplateLoader.findTemplateSource("error_zh.ftl"): Not found
[DEBUG][23-06-19][freemarker.cache]TemplateLoader.findTemplateSource("error.ftl"): Not found
[DEBUG][23-06-19][freemarker.cache]TemplateLoader.findTemplateSource("video_zh_CN.ftl"): Not found
[DEBUG][23-06-19][freemarker.cache]TemplateLoader.findTemplateSource("video_zh.ftl"): Not found
[DEBUG][23-06-19][freemarker.cache]TemplateLoader.findTemplateSource("video.ftl"): Found
[DEBUG][23-06-19][freemarker.cache]"video.ftl"("zh_CN", UTF-8, parsed): using cached since D:\JaveDev\LtDevFiles\videos\target\classes\templates\video.ftl hasn't changed.
[DEBUG][23-06-19][freemarker.cache]"video.ftl"("zh_CN", UTF-8, parsed) cached copy not yet stale; using cached.
[DEBUG][23-06-19][freemarker.cache]"video.ftl"("zh_CN", UTF-8, parsed) cached copy not yet stale; using cached.
[DEBUG][23-06-19][freemarker.cache]"video.ftl"("zh_CN", UTF-8, parsed) cached copy not yet stale; using cached.
[DEBUG][23-06-19][freemarker.cache]"video.ftl"("zh_CN", UTF-8, parsed) cached copy not yet stale; using cached.
[DEBUG][23-06-19][freemarker.cache]"video.ftl"("zh_CN", UTF-8, parsed) cached copy not yet stale; using cached.
[DEBUG][23-06-19][freemarker.cache]TemplateLoader.findTemplateSource("video_zh_CN.ftl"): Not found
[DEBUG][23-06-19][freemarker.cache]TemplateLoader.findTemplateSource("video_zh.ftl"): Not found
[DEBUG][23-06-19][freemarker.cache]TemplateLoader.findTemplateSource("video.ftl"): Found
[DEBUG][23-06-19][freemarker.cache]"video.ftl"("zh_CN", UTF-8, parsed): using cached since D:\JaveDev\LtDevFiles\videos\target\classes\templates\video.ftl hasn't changed.
[DEBUG][23-06-19][freemarker.cache]"video.ftl"("zh_CN", UTF-8, parsed) cached copy not yet stale; using cached.
[DEBUG][23-06-19][freemarker.cache]TemplateLoader.findTemplateSource("video_zh_CN.ftl"): Not found
[DEBUG][23-06-19][freemarker.cache]TemplateLoader.findTemplateSource("video_zh.ftl"): Not found
[DEBUG][23-06-19][freemarker.cache]TemplateLoader.findTemplateSource("video.ftl"): Found
[DEBUG][23-06-19][freemarker.cache]"video.ftl"("zh_CN", UTF-8, parsed): using cached since D:\JaveDev\LtDevFiles\videos\target\classes\templates\video.ftl hasn't changed.
[DEBUG][23-06-19][freemarker.cache]"video.ftl"("zh_CN", UTF-8, parsed) cached copy not yet stale; using cached.
[DEBUG][23-06-19][freemarker.cache]TemplateLoader.findTemplateSource("video_zh_CN.ftl"): Not found
[DEBUG][23-06-19][freemarker.cache]TemplateLoader.findTemplateSource("video_zh.ftl"): Not found
[DEBUG][23-06-19][freemarker.cache]TemplateLoader.findTemplateSource("video.ftl"): Found
[DEBUG][23-06-19][freemarker.cache]"video.ftl"("zh_CN", UTF-8, parsed): using cached since D:\JaveDev\LtDevFiles\videos\target\classes\templates\video.ftl hasn't changed.
[DEBUG][23-06-19][freemarker.cache]"video.ftl"("zh_CN", UTF-8, parsed) cached copy not yet stale; using cached.
[DEBUG][23-06-19][freemarker.cache]"video.ftl"("zh_CN", UTF-8, parsed) cached copy not yet stale; using cached.
[DEBUG][23-06-19][freemarker.cache]"video.ftl"("zh_CN", UTF-8, parsed) cached copy not yet stale; using cached.
[DEBUG][23-06-19][freemarker.cache]TemplateLoader.findTemplateSource("video_zh_CN.ftl"): Not found
[DEBUG][23-06-19][freemarker.cache]TemplateLoader.findTemplateSource("video_zh.ftl"): Not found
[DEBUG][23-06-19][freemarker.cache]TemplateLoader.findTemplateSource("video.ftl"): Found
[DEBUG][23-06-19][freemarker.cache]"video.ftl"("zh_CN", UTF-8, parsed): using cached since D:\JaveDev\LtDevFiles\videos\target\classes\templates\video.ftl hasn't changed.
[DEBUG][23-06-19][freemarker.cache]"video.ftl"("zh_CN", UTF-8, parsed) cached copy not yet stale; using cached.
[DEBUG][23-06-19][freemarker.cache]TemplateLoader.findTemplateSource("video_zh_CN.ftl"): Not found
[DEBUG][23-06-19][freemarker.cache]TemplateLoader.findTemplateSource("video_zh.ftl"): Not found
[DEBUG][23-06-19][freemarker.cache]TemplateLoader.findTemplateSource("video.ftl"): Found
[DEBUG][23-06-19][freemarker.cache]"video.ftl"("zh_CN", UTF-8, parsed): using cached since D:\JaveDev\LtDevFiles\videos\target\classes\templates\video.ftl hasn't changed.
[DEBUG][23-06-19][freemarker.cache]"video.ftl"("zh_CN", UTF-8, parsed) cached copy not yet stale; using cached.
[DEBUG][23-06-19][freemarker.cache]"video.ftl"("zh_CN", UTF-8, parsed) cached copy not yet stale; using cached.
[DEBUG][23-06-19][freemarker.cache]"video.ftl"("zh_CN", UTF-8, parsed) cached copy not yet stale; using cached.
[DEBUG][23-06-19][freemarker.cache]"video.ftl"("zh_CN", UTF-8, parsed) cached copy not yet stale; using cached.
[DEBUG][23-06-19][freemarker.cache]"video.ftl"("zh_CN", UTF-8, parsed) cached copy not yet stale; using cached.
[DEBUG][23-06-20][freemarker.cache]TemplateLoader.findTemplateSource("error_zh_CN.ftl"): Not found
[DEBUG][23-06-20][freemarker.cache]TemplateLoader.findTemplateSource("error_zh.ftl"): Not found
[DEBUG][23-06-20][freemarker.cache]TemplateLoader.findTemplateSource("error.ftl"): Not found
[DEBUG][23-06-20][freemarker.cache]"error.ftl"("zh_CN", UTF-8, parsed) no source found.
[DEBUG][23-06-20][freemarker.cache]TemplateLoader.findTemplateSource("video_zh_CN.ftl"): Not found
[DEBUG][23-06-20][freemarker.cache]TemplateLoader.findTemplateSource("video_zh.ftl"): Not found
[DEBUG][23-06-20][freemarker.cache]TemplateLoader.findTemplateSource("video.ftl"): Found
[DEBUG][23-06-20][freemarker.cache]"video.ftl"("zh_CN", UTF-8, parsed): using cached since D:\JaveDev\LtDevFiles\videos\target\classes\templates\video.ftl hasn't changed.
[DEBUG][23-06-20][freemarker.cache]"video.ftl"("zh_CN", UTF-8, parsed) cached copy not yet stale; using cached.
[DEBUG][23-06-20][freemarker.cache]"video.ftl"("zh_CN", UTF-8, parsed) cached copy not yet stale; using cached.
[DEBUG][23-06-20][freemarker.cache]"video.ftl"("zh_CN", UTF-8, parsed) cached copy not yet stale; using cached.
[DEBUG][23-06-20][freemarker.cache]"video.ftl"("zh_CN", UTF-8, parsed) cached copy not yet stale; using cached.
[DEBUG][23-06-20][freemarker.cache]"video.ftl"("zh_CN", UTF-8, parsed) cached copy not yet stale; using cached.
[DEBUG][23-06-20][freemarker.cache]TemplateLoader.findTemplateSource("video_zh_CN.ftl"): Not found
[DEBUG][23-06-20][freemarker.cache]TemplateLoader.findTemplateSource("video_zh.ftl"): Not found
[DEBUG][23-06-20][freemarker.cache]TemplateLoader.findTemplateSource("video.ftl"): Found
[DEBUG][23-06-20][freemarker.cache]"video.ftl"("zh_CN", UTF-8, parsed): using cached since D:\JaveDev\LtDevFiles\videos\target\classes\templates\video.ftl hasn't changed.
[DEBUG][23-06-20][freemarker.cache]"video.ftl"("zh_CN", UTF-8, parsed) cached copy not yet stale; using cached.
[DEBUG][23-06-20][freemarker.cache]TemplateLoader.findTemplateSource("video_zh_CN.ftl"): Not found
[DEBUG][23-06-20][freemarker.cache]TemplateLoader.findTemplateSource("video_zh.ftl"): Not found
[DEBUG][23-06-20][freemarker.cache]TemplateLoader.findTemplateSource("video.ftl"): Found
[DEBUG][23-06-20][freemarker.cache]"video.ftl"("zh_CN", UTF-8, parsed): using cached since D:\JaveDev\LtDevFiles\videos\target\classes\templates\video.ftl hasn't changed.
[DEBUG][23-06-20][freemarker.cache]"video.ftl"("zh_CN", UTF-8, parsed) cached copy not yet stale; using cached.
[DEBUG][23-06-20][freemarker.cache]Couldn't find template in cache for "error.ftl"("zh_CN", UTF-8, parsed); will try to load it.
[DEBUG][23-06-20][freemarker.cache]TemplateLoader.findTemplateSource("error_zh_CN.ftl"): Not found
[DEBUG][23-06-20][freemarker.cache]TemplateLoader.findTemplateSource("error_zh.ftl"): Not found
[DEBUG][23-06-20][freemarker.cache]TemplateLoader.findTemplateSource("error.ftl"): Not found
[DEBUG][23-06-20][freemarker.cache]Couldn't find template in cache for "video.ftl"("zh_CN", UTF-8, parsed); will try to load it.
[DEBUG][23-06-20][freemarker.cache]Couldn't find template in cache for "video.ftl"("zh_CN", UTF-8, parsed); will try to load it.
[DEBUG][23-06-20][freemarker.cache]TemplateLoader.findTemplateSource("video_zh_CN.ftl"): Not found
[DEBUG][23-06-20][freemarker.cache]TemplateLoader.findTemplateSource("video_zh_CN.ftl"): Not found
[DEBUG][23-06-20][freemarker.cache]TemplateLoader.findTemplateSource("video_zh.ftl"): Not found
[DEBUG][23-06-20][freemarker.cache]TemplateLoader.findTemplateSource("video_zh.ftl"): Not found
[DEBUG][23-06-20][freemarker.cache]TemplateLoader.findTemplateSource("video.ftl"): Found
[DEBUG][23-06-20][freemarker.cache]TemplateLoader.findTemplateSource("video.ftl"): Found
[DEBUG][23-06-20][freemarker.cache]Loading template for "video.ftl"("zh_CN", UTF-8, parsed) from "D:\\JaveDev\\LtDevFiles\\videos\\target\\classes\\templates\\video.ftl"
[DEBUG][23-06-20][freemarker.cache]Loading template for "video.ftl"("zh_CN", UTF-8, parsed) from "D:\\JaveDev\\LtDevFiles\\videos\\target\\classes\\templates\\video.ftl"
[DEBUG][23-06-20][freemarker.cache]"video.ftl"("zh_CN", UTF-8, parsed) cached copy not yet stale; using cached.
[DEBUG][23-06-20][freemarker.cache]"video.ftl"("zh_CN", UTF-8, parsed) cached copy not yet stale; using cached.
[DEBUG][23-06-20][freemarker.cache]"video.ftl"("zh_CN", UTF-8, parsed) cached copy not yet stale; using cached.
[DEBUG][23-06-20][freemarker.cache]"video.ftl"("zh_CN", UTF-8, parsed) cached copy not yet stale; using cached.
[DEBUG][23-06-20][freemarker.cache]Couldn't find template in cache for "video.ftl"("zh_CN", UTF-8, parsed); will try to load it.
[DEBUG][23-06-20][freemarker.cache]TemplateLoader.findTemplateSource("video_zh_CN.ftl"): Not found
[DEBUG][23-06-20][freemarker.cache]TemplateLoader.findTemplateSource("video_zh.ftl"): Not found
[DEBUG][23-06-20][freemarker.cache]TemplateLoader.findTemplateSource("video.ftl"): Found
[DEBUG][23-06-20][freemarker.cache]Loading template for "video.ftl"("zh_CN", UTF-8, parsed) from "D:\\JaveDev\\LtDevFiles\\videos\\target\\classes\\templates\\video.ftl"
[DEBUG][23-06-20][freemarker.cache]"video.ftl"("zh_CN", UTF-8, parsed) cached copy not yet stale; using cached.
[DEBUG][23-06-20][freemarker.cache]Couldn't find template in cache for "video.ftl"("zh_CN", UTF-8, parsed); will try to load it.
[DEBUG][23-06-20][freemarker.cache]TemplateLoader.findTemplateSource("video_zh_CN.ftl"): Not found
[DEBUG][23-06-20][freemarker.cache]TemplateLoader.findTemplateSource("video_zh.ftl"): Not found
[DEBUG][23-06-20][freemarker.cache]TemplateLoader.findTemplateSource("video.ftl"): Found
[DEBUG][23-06-20][freemarker.cache]Loading template for "video.ftl"("zh_CN", UTF-8, parsed) from "D:\\JaveDev\\LtDevFiles\\videos\\target\\classes\\templates\\video.ftl"
[DEBUG][23-06-20][freemarker.cache]"video.ftl"("zh_CN", UTF-8, parsed) cached copy not yet stale; using cached.
[DEBUG][23-06-20][freemarker.cache]Couldn't find template in cache for "video.ftl"("zh_CN", UTF-8, parsed); will try to load it.
[DEBUG][23-06-20][freemarker.cache]TemplateLoader.findTemplateSource("video_zh_CN.ftl"): Not found
[DEBUG][23-06-20][freemarker.cache]TemplateLoader.findTemplateSource("video_zh.ftl"): Not found
[DEBUG][23-06-20][freemarker.cache]TemplateLoader.findTemplateSource("video.ftl"): Found
[DEBUG][23-06-20][freemarker.cache]Loading template for "video.ftl"("zh_CN", UTF-8, parsed) from "D:\\JaveDev\\LtDevFiles\\videos\\target\\classes\\templates\\video.ftl"
[DEBUG][23-06-20][freemarker.cache]"video.ftl"("zh_CN", UTF-8, parsed) cached copy not yet stale; using cached.
[DEBUG][23-06-20][freemarker.cache]TemplateLoader.findTemplateSource("video_zh_CN.ftl"): Not found
[DEBUG][23-06-20][freemarker.cache]TemplateLoader.findTemplateSource("video_zh.ftl"): Not found
[DEBUG][23-06-20][freemarker.cache]TemplateLoader.findTemplateSource("video.ftl"): Found
[DEBUG][23-06-20][freemarker.cache]"video.ftl"("zh_CN", UTF-8, parsed): using cached since D:\JaveDev\LtDevFiles\videos\target\classes\templates\video.ftl hasn't changed.
[DEBUG][23-06-20][freemarker.cache]"video.ftl"("zh_CN", UTF-8, parsed) cached copy not yet stale; using cached.
[DEBUG][23-06-30][freemarker.cache]Couldn't find template in cache for "video.ftl"("zh_CN", UTF-8, parsed); will try to load it.
[DEBUG][23-06-30][freemarker.cache]TemplateLoader.findTemplateSource("video_zh_CN.ftl"): Not found
[DEBUG][23-06-30][freemarker.cache]TemplateLoader.findTemplateSource("video_zh.ftl"): Not found
[DEBUG][23-06-30][freemarker.cache]TemplateLoader.findTemplateSource("video.ftl"): Found
[DEBUG][23-06-30][freemarker.cache]Loading template for "video.ftl"("zh_CN", UTF-8, parsed) from "D:\\JaveDev\\LtDevFiles\\videos\\target\\classes\\templates\\video.ftl"
[DEBUG][23-06-30][freemarker.cache]"video.ftl"("zh_CN", UTF-8, parsed) cached copy not yet stale; using cached.
[DEBUG][23-07-01][freemarker.cache]Couldn't find template in cache for "video.ftl"("zh_CN", UTF-8, parsed); will try to load it.
[DEBUG][23-07-01][freemarker.cache]TemplateLoader.findTemplateSource("video_zh_CN.ftl"): Not found
[DEBUG][23-07-01][freemarker.cache]TemplateLoader.findTemplateSource("video_zh.ftl"): Not found
[DEBUG][23-07-01][freemarker.cache]TemplateLoader.findTemplateSource("video.ftl"): Found
[DEBUG][23-07-01][freemarker.cache]Loading template for "video.ftl"("zh_CN", UTF-8, parsed) from "D:\\JaveDev\\LtDevFiles\\videos\\target\\classes\\templates\\video.ftl"
[DEBUG][23-07-01][freemarker.cache]"video.ftl"("zh_CN", UTF-8, parsed) cached copy not yet stale; using cached.
[DEBUG][23-07-01][freemarker.cache]TemplateLoader.findTemplateSource("video_zh_CN.ftl"): Not found
[DEBUG][23-07-01][freemarker.cache]TemplateLoader.findTemplateSource("video_zh.ftl"): Not found
[DEBUG][23-07-01][freemarker.cache]TemplateLoader.findTemplateSource("video.ftl"): Found
[DEBUG][23-07-01][freemarker.cache]"video.ftl"("zh_CN", UTF-8, parsed): using cached since D:\JaveDev\LtDevFiles\videos\target\classes\templates\video.ftl hasn't changed.
[DEBUG][23-07-01][freemarker.cache]"video.ftl"("zh_CN", UTF-8, parsed) cached copy not yet stale; using cached.
[DEBUG][23-07-01][freemarker.cache]TemplateLoader.findTemplateSource("video_zh_CN.ftl"): Not found
[DEBUG][23-07-01][freemarker.cache]TemplateLoader.findTemplateSource("video_zh.ftl"): Not found
[DEBUG][23-07-01][freemarker.cache]TemplateLoader.findTemplateSource("video.ftl"): Found
[DEBUG][23-07-01][freemarker.cache]"video.ftl"("zh_CN", UTF-8, parsed): using cached since D:\JaveDev\LtDevFiles\videos\target\classes\templates\video.ftl hasn't changed.
[DEBUG][23-07-01][freemarker.cache]"video.ftl"("zh_CN", UTF-8, parsed) cached copy not yet stale; using cached.
[DEBUG][23-07-01][freemarker.cache]"video.ftl"("zh_CN", UTF-8, parsed) cached copy not yet stale; using cached.
[DEBUG][23-07-01][freemarker.cache]"video.ftl"("zh_CN", UTF-8, parsed) cached copy not yet stale; using cached.
[DEBUG][23-07-01][freemarker.cache]TemplateLoader.findTemplateSource("video_zh_CN.ftl"): Not found
[DEBUG][23-07-01][freemarker.cache]TemplateLoader.findTemplateSource("video_zh.ftl"): Not found
[DEBUG][23-07-01][freemarker.cache]TemplateLoader.findTemplateSource("video.ftl"): Found
[DEBUG][23-07-01][freemarker.cache]Updating source because: lastModifiedNotChanged=false, cached.lastModified=1688123202857 != source.lastModified=1688207672952
[DEBUG][23-07-01][freemarker.cache]Loading template for "video.ftl"("zh_CN", UTF-8, parsed) from "D:\\JaveDev\\LtDevFiles\\videos\\target\\classes\\templates\\video.ftl"
[DEBUG][23-07-01][freemarker.cache]"video.ftl"("zh_CN", UTF-8, parsed) cached copy not yet stale; using cached.
[DEBUG][23-07-01][freemarker.cache]TemplateLoader.findTemplateSource("video_zh_CN.ftl"): Not found
[DEBUG][23-07-01][freemarker.cache]TemplateLoader.findTemplateSource("video_zh.ftl"): Not found
[DEBUG][23-07-01][freemarker.cache]TemplateLoader.findTemplateSource("video.ftl"): Found
[DEBUG][23-07-01][freemarker.cache]Updating source because: lastModifiedNotChanged=false, cached.lastModified=1688207672952 != source.lastModified=1688207689524
[DEBUG][23-07-01][freemarker.cache]Loading template for "video.ftl"("zh_CN", UTF-8, parsed) from "D:\\JaveDev\\LtDevFiles\\videos\\target\\classes\\templates\\video.ftl"
[DEBUG][23-07-01][freemarker.cache]"video.ftl"("zh_CN", UTF-8, parsed) cached copy not yet stale; using cached.
[DEBUG][23-07-01][freemarker.cache]TemplateLoader.findTemplateSource("video_zh_CN.ftl"): Not found
[DEBUG][23-07-01][freemarker.cache]TemplateLoader.findTemplateSource("video_zh.ftl"): Not found
[DEBUG][23-07-01][freemarker.cache]TemplateLoader.findTemplateSource("video.ftl"): Found
[DEBUG][23-07-01][freemarker.cache]Updating source because: lastModifiedNotChanged=false, cached.lastModified=1688207689524 != source.lastModified=1688207719059
[DEBUG][23-07-01][freemarker.cache]Loading template for "video.ftl"("zh_CN", UTF-8, parsed) from "D:\\JaveDev\\LtDevFiles\\videos\\target\\classes\\templates\\video.ftl"
[DEBUG][23-07-01][freemarker.cache]"video.ftl"("zh_CN", UTF-8, parsed) cached copy not yet stale; using cached.
[DEBUG][23-07-14][freemarker.cache]Couldn't find template in cache for "video.ftl"("zh_CN", UTF-8, parsed); will try to load it.
[DEBUG][23-07-14][freemarker.cache]TemplateLoader.findTemplateSource("video_zh_CN.ftl"): Not found
[DEBUG][23-07-14][freemarker.cache]TemplateLoader.findTemplateSource("video_zh.ftl"): Not found
[DEBUG][23-07-14][freemarker.cache]TemplateLoader.findTemplateSource("video.ftl"): Found
[DEBUG][23-07-14][freemarker.cache]Loading template for "video.ftl"("zh_CN", UTF-8, parsed) from "D:\\JaveDev\\LtDevFiles\\videos\\target\\classes\\templates\\video.ftl"
[DEBUG][23-07-14][freemarker.cache]"video.ftl"("zh_CN", UTF-8, parsed) cached copy not yet stale; using cached.
[DEBUG][23-07-14][freemarker.cache]TemplateLoader.findTemplateSource("video_zh_CN.ftl"): Not found
[DEBUG][23-07-14][freemarker.cache]TemplateLoader.findTemplateSource("video_zh.ftl"): Not found
[DEBUG][23-07-14][freemarker.cache]TemplateLoader.findTemplateSource("video.ftl"): Found
[DEBUG][23-07-14][freemarker.cache]"video.ftl"("zh_CN", UTF-8, parsed): using cached since D:\JaveDev\LtDevFiles\videos\target\classes\templates\video.ftl hasn't changed.
[DEBUG][23-07-14][freemarker.cache]"video.ftl"("zh_CN", UTF-8, parsed) cached copy not yet stale; using cached.
[DEBUG][23-07-14][freemarker.cache]Couldn't find template in cache for "video.ftl"("zh_CN", UTF-8, parsed); will try to load it.
[DEBUG][23-07-14][freemarker.cache]TemplateLoader.findTemplateSource("video_zh_CN.ftl"): Not found
[DEBUG][23-07-14][freemarker.cache]TemplateLoader.findTemplateSource("video_zh.ftl"): Not found
[DEBUG][23-07-14][freemarker.cache]TemplateLoader.findTemplateSource("video.ftl"): Found
[DEBUG][23-07-14][freemarker.cache]Loading template for "video.ftl"("zh_CN", UTF-8, parsed) from "D:\\JaveDev\\LtDevFiles\\videos\\target\\classes\\templates\\video.ftl"
[DEBUG][23-07-14][freemarker.cache]"video.ftl"("zh_CN", UTF-8, parsed) cached copy not yet stale; using cached.
[DEBUG][23-07-14][freemarker.cache]TemplateLoader.findTemplateSource("video_zh_CN.ftl"): Not found
[DEBUG][23-07-14][freemarker.cache]TemplateLoader.findTemplateSource("video_zh.ftl"): Not found
[DEBUG][23-07-14][freemarker.cache]TemplateLoader.findTemplateSource("video.ftl"): Found
[DEBUG][23-07-14][freemarker.cache]"video.ftl"("zh_CN", UTF-8, parsed): using cached since D:\JaveDev\LtDevFiles\videos\target\classes\templates\video.ftl hasn't changed.
[DEBUG][23-07-14][freemarker.cache]"video.ftl"("zh_CN", UTF-8, parsed) cached copy not yet stale; using cached.
[DEBUG][23-07-14][freemarker.cache]Couldn't find template in cache for "video.ftl"("zh_CN", UTF-8, parsed); will try to load it.
[DEBUG][23-07-14][freemarker.cache]TemplateLoader.findTemplateSource("video_zh_CN.ftl"): Not found
[DEBUG][23-07-14][freemarker.cache]TemplateLoader.findTemplateSource("video_zh.ftl"): Not found
[DEBUG][23-07-14][freemarker.cache]TemplateLoader.findTemplateSource("video.ftl"): Found
[DEBUG][23-07-14][freemarker.cache]Loading template for "video.ftl"("zh_CN", UTF-8, parsed) from "D:\\JaveDev\\LtDevFiles\\videos\\target\\classes\\templates\\video.ftl"
[DEBUG][23-07-14][freemarker.cache]"video.ftl"("zh_CN", UTF-8, parsed) cached copy not yet stale; using cached.
[DEBUG][23-07-14][freemarker.cache]Couldn't find template in cache for "video.ftl"("zh_CN", UTF-8, parsed); will try to load it.
[DEBUG][23-07-14][freemarker.cache]TemplateLoader.findTemplateSource("video_zh_CN.ftl"): Not found
[DEBUG][23-07-14][freemarker.cache]TemplateLoader.findTemplateSource("video_zh.ftl"): Not found
[DEBUG][23-07-14][freemarker.cache]TemplateLoader.findTemplateSource("video.ftl"): Found
[DEBUG][23-07-14][freemarker.cache]Loading template for "video.ftl"("zh_CN", UTF-8, parsed) from "D:\\JaveDev\\LtDevFiles\\videos\\target\\classes\\templates\\video.ftl"
[DEBUG][23-07-14][freemarker.cache]"video.ftl"("zh_CN", UTF-8, parsed) cached copy not yet stale; using cached.
[DEBUG][23-07-14][freemarker.cache]Couldn't find template in cache for "video.ftl"("zh_CN", UTF-8, parsed); will try to load it.
[DEBUG][23-07-14][freemarker.cache]TemplateLoader.findTemplateSource("video_zh_CN.ftl"): Not found
[DEBUG][23-07-14][freemarker.cache]TemplateLoader.findTemplateSource("video_zh.ftl"): Not found
[DEBUG][23-07-14][freemarker.cache]TemplateLoader.findTemplateSource("video.ftl"): Found
[DEBUG][23-07-14][freemarker.cache]Loading template for "video.ftl"("zh_CN", UTF-8, parsed) from "D:\\JaveDev\\LtDevFiles\\videos\\target\\classes\\templates\\video.ftl"
[DEBUG][23-07-14][freemarker.cache]"video.ftl"("zh_CN", UTF-8, parsed) cached copy not yet stale; using cached.
